Start testing: Jul 06 22:02 +07
----------------------------------------------------------
1/2 Testing: test_encode
1/2 Test: test_encode
Command: "/home/ngquanghuy/Switch/build/tests/test_encode"
Directory: /home/ngquanghuy/Switch/build/tests
"test_encode" start time: Jul 06 22:02 +07
Output:
----------------------------------------------------------
[doctest] doctest version is "2.4.11"
[doctest] run with "--help" for options
===============================================================================
[doctest] test cases: 23 | 23 passed | 0 failed | 0 skipped
[doctest] assertions: 74 | 74 passed | 0 failed |
[doctest] Status: SUCCESS!
<end of output>
Test time =   0.01 sec
----------------------------------------------------------
Test Passed.
"test_encode" end time: Jul 06 22:02 +07
"test_encode" time elapsed: 00:00:00
----------------------------------------------------------

2/2 Testing: test_cli_encode
2/2 Test: test_cli_encode
Command: "/home/ngquanghuy/Switch/build/tests/test_cli_encode"
Directory: /home/ngquanghuy/Switch/build/tests
"test_cli_encode" start time: Jul 06 22:02 +07
Output:
----------------------------------------------------------
[doctest] doctest version is "2.4.11"
[doctest] run with "--help" for options
switch: --encode requires an encoding type
Valid types: base16, base32, base58, base62, base64
Try 'switch --encode-list' to see all options.
switch: unknown encoding type 'base128'
Valid types: base16, base32, base58, base62, base64
Try 'switch --encode-list' to see all options.
switch: -o requires an output file path
===============================================================================
[doctest] test cases: 17 | 17 passed | 0 failed | 0 skipped
[doctest] assertions: 90 | 90 passed | 0 failed |
[doctest] Status: SUCCESS!
<end of output>
Test time =   0.35 sec
----------------------------------------------------------
Test Passed.
"test_cli_encode" end time: Jul 06 22:02 +07
"test_cli_encode" time elapsed: 00:00:00
----------------------------------------------------------

End testing: Jul 06 22:02 +07
