Start testing: Jul 07 12:25 +07
----------------------------------------------------------
1/4 Testing: test_encode
1/4 Test: test_encode
Command: "/home/ngquanghuy/Switch/build/tests/test_encode"
Directory: /home/ngquanghuy/Switch/build/tests
"test_encode" start time: Jul 07 12:25 +07
Output:
----------------------------------------------------------
[doctest] doctest version is "2.4.11"
[doctest] run with "--help" for options
===============================================================================
[doctest] test cases: 23 | 23 passed | 0 failed | 0 skipped
[doctest] assertions: 74 | 74 passed | 0 failed |
[doctest] Status: SUCCESS!
<end of output>
Test time =   0.00 sec
----------------------------------------------------------
Test Passed.
"test_encode" end time: Jul 07 12:25 +07
"test_encode" time elapsed: 00:00:00
----------------------------------------------------------

2/4 Testing: test_cli_encode
2/4 Test: test_cli_encode
Command: "/home/ngquanghuy/Switch/build/tests/test_cli_encode"
Directory: /home/ngquanghuy/Switch/build/tests
"test_cli_encode" start time: Jul 07 12:25 +07
Output:
----------------------------------------------------------
[doctest] doctest version is "2.4.11"
[doctest] run with "--help" for options
switch: --encode requires an encoding type
Valid types: base16, base32, base58, base62, base64
Try 'switch --encode-list' to see all options.
switch: unknown encoding type 'base128'
Valid types: base16, base32, base58, base62, base64
Try 'switch --encode-list' to see all options.
switch: -o requires an output file path
===============================================================================
[doctest] test cases: 17 | 17 passed | 0 failed | 0 skipped
[doctest] assertions: 90 | 90 passed | 0 failed |
[doctest] Status: SUCCESS!
<end of output>
Test time =   0.21 sec
----------------------------------------------------------
Test Passed.
"test_cli_encode" end time: Jul 07 12:25 +07
"test_cli_encode" time elapsed: 00:00:00
----------------------------------------------------------

3/4 Testing: test_encrypt
3/4 Test: test_encrypt
Command: "/home/ngquanghuy/Switch/build/tests/test_encrypt"
Directory: /home/ngquanghuy/Switch/build/tests
"test_encrypt" start time: Jul 07 12:25 +07
Output:
----------------------------------------------------------
[doctest] doctest version is "2.4.11"
[doctest] run with "--help" for options
===============================================================================
[doctest] test cases: 29 | 29 passed | 0 failed | 0 skipped
[doctest] assertions: 65 | 65 passed | 0 failed |
[doctest] Status: SUCCESS!
<end of output>
Test time =   0.00 sec
----------------------------------------------------------
Test Passed.
"test_encrypt" end time: Jul 07 12:25 +07
"test_encrypt" time elapsed: 00:00:00
----------------------------------------------------------

4/4 Testing: test_cli_encrypt
4/4 Test: test_cli_encrypt
Command: "/home/ngquanghuy/Switch/build/tests/test_cli_encrypt"
Directory: /home/ngquanghuy/Switch/build/tests
"test_cli_encrypt" start time: Jul 07 12:25 +07
Output:
----------------------------------------------------------
[doctest] doctest version is "2.4.11"
[doctest] run with "--help" for options
switch: --encrypt requires an encryption type (aes-128, aes-192, aes-256)
switch: unknown encryption type 'aes-512'
Valid types: aes-128, aes-192, aes-256
switch: --key requires a hex-encoded key string
switch: --iv requires a hex-encoded IV string
===============================================================================
[doctest] test cases: 19 | 19 passed | 0 failed | 0 skipped
[doctest] assertions: 72 | 72 passed | 0 failed |
[doctest] Status: SUCCESS!
<end of output>
Test time =   0.34 sec
----------------------------------------------------------
Test Passed.
"test_cli_encrypt" end time: Jul 07 12:25 +07
"test_cli_encrypt" time elapsed: 00:00:00
----------------------------------------------------------

End testing: Jul 07 12:25 +07
